{"level":"info","message":"request url received -  /","timestamp":"Thu, 16 Mar 2017 10:03:31 GMT"}
{"level":"info","message":"request url received -  /","timestamp":"Thu, 16 Mar 2017 15:27:54 GMT"}
{"level":"info","message":"request url received -  /","timestamp":"Thu, 16 Mar 2017 15:28:02 GMT"}
{"level":"info","message":"request url received -  /","timestamp":"Thu, 16 Mar 2017 15:29:56 GMT"}
{"level":"info","message":"request url received -  /","timestamp":"Thu, 16 Mar 2017 15:41:52 GMT"}
{"0":{"name":"framework1","module":"framework1"},"1":{"name":"framework2","module":"framework2"},"level":"info","message":"","timestamp":"Thu, 16 Mar 2017 16:06:40 GMT"}
{"level":"info","message":"Name: framework1Module: framework1","timestamp":"Thu, 16 Mar 2017 16:13:25 GMT"}
{"level":"info","message":"Name: framework2Module: framework2","timestamp":"Thu, 16 Mar 2017 16:13:25 GMT"}
{"level":"info","message":"Name: framework1Module: framework1","timestamp":"Thu, 16 Mar 2017 16:27:55 GMT"}
{"level":"info","message":"Module path: undefined","timestamp":"Thu, 16 Mar 2017 16:27:55 GMT"}
{"level":"info","message":"Name: framework2Module: framework2","timestamp":"Thu, 16 Mar 2017 16:27:55 GMT"}
{"level":"info","message":"Module path: undefined","timestamp":"Thu, 16 Mar 2017 16:27:55 GMT"}
{"meta":0,"level":"info","message":"","timestamp":"Thu, 16 Mar 2017 16:29:48 GMT"}
{"level":"info","message":"Name: framework1Module: framework1","timestamp":"Thu, 16 Mar 2017 16:29:48 GMT"}
{"level":"info","message":"Module path: undefined","timestamp":"Thu, 16 Mar 2017 16:29:48 GMT"}
{"level":"info","message":"1","timestamp":"Thu, 16 Mar 2017 16:29:48 GMT"}
{"level":"info","message":"Name: framework2Module: framework2","timestamp":"Thu, 16 Mar 2017 16:29:48 GMT"}
{"level":"info","message":"Module path: undefined","timestamp":"Thu, 16 Mar 2017 16:29:48 GMT"}
{"level":"info","message":"","timestamp":"Thu, 16 Mar 2017 16:32:20 GMT"}
{"date":"Thu Mar 16 2017 22:02:20 GMT+0530 (IST)","process":{"pid":15570,"uid":1001,"gid":1001,"cwd":"/home/madhu/nodejs/oneview","execPath":"/usr/bin/nodejs","version":"v6.10.0","argv":["/usr/bin/nodejs","/home/madhu/nodejs/oneview/index.js"],"memoryUsage":{"rss":36503552,"heapTotal":19959808,"heapUsed":9194320,"external":118012}},"os":{"loadavg":[0.98583984375,1.01025390625,0.98046875],"uptime":43458},"trace":[{"column":23,"file":"/home/madhu/nodejs/oneview/index.js","function":"","line":20,"method":null,"native":false},{"column":32,"file":"module.js","function":"Module._compile","line":570,"method":"_compile","native":false},{"column":10,"file":"module.js","function":"Object.Module._extensions..js","line":579,"method":"Module._extensions..js","native":false},{"column":32,"file":"module.js","function":"Module.load","line":487,"method":"load","native":false},{"column":12,"file":"module.js","function":"tryModuleLoad","line":446,"method":null,"native":false},{"column":3,"file":"module.js","function":"Function.Module._load","line":438,"method":"Module._load","native":false},{"column":10,"file":"module.js","function":"Module.runMain","line":604,"method":"runMain","native":false},{"column":7,"file":"bootstrap_node.js","function":"run","line":394,"method":null,"native":false},{"column":9,"file":"bootstrap_node.js","function":"startup","line":149,"method":null,"native":false},{"column":3,"file":"bootstrap_node.js","function":null,"line":509,"method":null,"native":false}],"stack":["ReferenceError: element is not defined","    at Object.<anonymous> (/home/madhu/nodejs/oneview/index.js:20:23)","    at Module._compile (module.js:570:32)","    at Object.Module._extensions..js (module.js:579:10)","    at Module.load (module.js:487:32)","    at tryModuleLoad (module.js:446:12)","    at Function.Module._load (module.js:438:3)","    at Module.runMain (module.js:604:10)","    at run (bootstrap_node.js:394:7)","    at startup (bootstrap_node.js:149:9)","    at bootstrap_node.js:509:3"],"level":"error","message":"uncaughtException: element is not defined","timestamp":"Thu, 16 Mar 2017 16:32:20 GMT"}
{"level":"info","message":"","timestamp":"Thu, 16 Mar 2017 16:33:09 GMT"}
{"level":"info","message":"Name: framework1Module: framework1","timestamp":"Thu, 16 Mar 2017 16:33:09 GMT"}
{"level":"info","message":"Module path: ./api/framework1/framework1","timestamp":"Thu, 16 Mar 2017 16:33:09 GMT"}
{"framework1":"./api/framework1/framework1","level":"info","message":"","timestamp":"Thu, 16 Mar 2017 16:33:09 GMT"}
{"level":"info","message":"Name: framework2Module: framework2","timestamp":"Thu, 16 Mar 2017 16:33:09 GMT"}
{"level":"info","message":"Module path: ./api/framework2/framework2","timestamp":"Thu, 16 Mar 2017 16:33:09 GMT"}
{"level":"info","message":"Module path: [object Object]","timestamp":"Thu, 16 Mar 2017 16:34:17 GMT"}
{"level":"info","message":"Module path: [object Object]","timestamp":"Thu, 16 Mar 2017 16:34:17 GMT"}
{"level":"info","message":"Module path: framework1","timestamp":"Thu, 16 Mar 2017 16:35:14 GMT"}
{"level":"info","message":"Module path: framework2","timestamp":"Thu, 16 Mar 2017 16:35:14 GMT"}
{"level":"info","message":"Imported Module: framework1","timestamp":"Thu, 16 Mar 2017 16:36:04 GMT"}
{"level":"info","message":"Imported Module: framework2","timestamp":"Thu, 16 Mar 2017 16:36:04 GMT"}
